\BOOKMARK [1][-]{section.1}{\376\377\116\000\000\040\220\011\230\230\166\204\200\314\146\157\123\312\141\017\116\111}{}% 1
\BOOKMARK [2][-]{subsection.1.1}{\376\377\0001\000.\0001\000\040\220\011\230\230\200\314\146\157}{section.1}% 2
\BOOKMARK [2][-]{subsection.1.2}{\376\377\0001\000.\0002\000\040\220\011\230\230\141\017\116\111}{section.1}% 3
\BOOKMARK [1][-]{section.2}{\376\377\116\214\000\040\126\375\121\205\131\026\147\054\133\146\171\321\230\206\127\337\166\204\123\321\134\125\163\260\162\266\116\016\215\213\122\277}{}% 4
\BOOKMARK [2][-]{subsection.2.1}{\376\377\0002\000.\0001\000\040\000L\000L\000M\000\040\143\250\164\006\147\015\122\241\116\016\215\104\156\220\173\241\164\006}{section.2}% 5
\BOOKMARK [2][-]{subsection.2.2}{\376\377\0002\000.\0002\000\040\155\361\136\246\133\146\116\140\177\026\213\321\116\016\173\227\133\120\207\215\124\010}{section.2}% 6
\BOOKMARK [2][-]{subsection.2.3}{\376\377\0002\000.\0003\000\040\131\047\203\003\126\364\207\215\124\010\116\016\213\276\131\007\117\247\145\164\117\123\142\147\210\114}{section.2}% 7
\BOOKMARK [2][-]{subsection.2.4}{\376\377\0002\000.\0004\000\040\126\376\221\315\145\076\060\001\131\032\155\101\136\166\210\114\116\016\215\350\000\040\000K\000e\000r\000n\000e\000l\000\040\221\315\123\340}{section.2}% 8
\BOOKMARK [2][-]{subsection.2.5}{\376\377\0002\000.\0005\000\040\163\260\147\011\135\345\117\134\134\017\176\323}{section.2}% 9
\BOOKMARK [1][-]{section.3}{\376\377\116\011\000\040\213\376\230\230\116\073\211\201\170\024\172\166\121\205\133\271\116\016\230\204\147\037\166\356\150\007}{}% 10
\BOOKMARK [2][-]{subsection.3.1}{\376\377\0003\000.\0001\000\040\140\073\117\123\166\356\150\007}{section.3}% 11
\BOOKMARK [2][-]{subsection.3.2}{\376\377\0003\000.\0002\000\040\142\337\211\343\121\263\166\204\121\163\225\056\225\356\230\230}{section.3}% 12
\BOOKMARK [2][-]{subsection.3.3}{\376\377\0003\000.\0003\000\040\116\073\211\201\170\024\172\166\121\205\133\271}{section.3}% 13
\BOOKMARK [2][-]{subsection.3.4}{\376\377\0003\000.\0004\000\040\230\204\147\037\122\033\145\260\160\271}{section.3}% 14
\BOOKMARK [1][-]{section.4}{\376\377\126\333\000\040\142\337\221\307\165\050\166\204\170\024\172\166\145\271\154\325\060\001\142\200\147\057\215\357\176\277\060\001\133\236\232\214\145\271\150\110\123\312\123\357\210\114\140\047\122\006\147\220}{}% 15
\BOOKMARK [2][-]{subsection.4.1}{\376\377\0004\000.\0001\000\040\140\073\117\123\170\024\172\166\145\271\154\325}{section.4}% 16
\BOOKMARK [2][-]{subsection.4.2}{\376\377\0004\000.\0002\000\040\217\271\165\114\210\150\171\072\116\016\122\006\147\220\145\271\154\325}{section.4}% 17
\BOOKMARK [2][-]{subsection.4.3}{\376\377\0004\000.\0003\000\040\220\011\142\351\140\047\173\227\133\120\207\215\124\010\145\271\154\325}{section.4}% 18
\BOOKMARK [2][-]{subsection.4.4}{\376\377\0004\000.\0004\000\040\117\235\215\126\141\037\167\345\215\350\000\040\000K\000e\000r\000n\000e\000l\000\040\217\271\165\114\166\204\000\040\000D\000A\000C\000O\000S\000\040\145\271\154\325}{section.4}% 19
\BOOKMARK [2][-]{subsection.4.5}{\376\377\0004\000.\0005\000\040\123\117\124\014\121\263\173\126\116\016\217\320\210\114\145\366}{section.4}% 20
\BOOKMARK [2][-]{subsection.4.6}{\376\377\0004\000.\0006\000\040\133\236\232\214\145\271\150\110}{section.4}% 21
\BOOKMARK [2][-]{subsection.4.7}{\376\377\0004\000.\0007\000\040\123\357\210\114\140\047\122\006\147\220}{section.4}% 22
\BOOKMARK [1][-]{section.5}{\376\377\116\224\000\040\135\362\147\011\171\321\170\024\127\372\170\100\116\016\142\100\227\000\171\321\170\024\147\141\116\366}{}% 23
\BOOKMARK [2][-]{subsection.5.1}{\376\377\0005\000.\0001\000\040\135\362\147\011\171\321\170\024\127\372\170\100}{section.5}% 24
\BOOKMARK [2][-]{subsection.5.2}{\376\377\0005\000.\0002\000\040\142\100\227\000\171\321\170\024\147\141\116\366}{section.5}% 25
\BOOKMARK [1][-]{section.6}{\376\377\121\155\000\040\170\024\172\166\135\345\117\134\213\241\122\022\116\016\217\333\136\246\133\211\143\222}{}% 26
